# JRE version: Java(TM) SE Runtime Environment (8.0_31-b13) (build 1.8.0_31-b13)
# Java VM: Java HotSpot(TM) Client VM (25.31-b07 mixed mode windows-x86 )
Heap:
 def new generation   total 22848K, used 18862K [0x03c00000, 0x054c0000, 0x19150000)
  eden space 20352K,  83% used [0x03c00000, 0x04c89f98, 0x04fe0000)
  from space 2496K,  77% used [0x05250000, 0x05431b68, 0x054c0000)
  to   space 2496K,   0% used [0x04fe0000, 0x04fe0000, 0x05250000)
 tenured generation   total 50496K, used 44612K [0x19150000, 0x1c2a0000, 0x43c00000)
   the space 50496K,  88% used [0x19150000, 0x1bce1078, 0x1bce1200, 0x1c2a0000)
 Metaspace       used 38400K, capacity 39549K, committed 39680K, reserved 40320K
GC Heap History (10 events):
Event: 63.227 GC heap before
{Heap before GC invocations=112 (full 5):
 def new generation   total 22848K, used 22235K [0x03c00000, 0x054c0000, 0x19150000)
  eden space 20352K, 100% used [0x03c00000, 0x04fe0000, 0x04fe0000)
  from space 2496K,  75% used [0x04fe0000, 0x051b6ce0, 0x05250000)
  to   space 2496K,   0% used [0x05250000, 0x05250000, 0x054c0000)
 tenured generation   total 50496K, used 34634K [0x19150000, 0x1c2a0000, 0x43c00000)
   the space 50496K,  68% used [0x19150000, 0x1b3228b0, 0x1b322a00, 0x1c2a0000)
 Metaspace       used 36809K, capacity 37916K, committed 38016K, reserved 38272K
Event: 63.245 GC heap after
Heap after GC invocations=113 (full 5):
 def new generation   total 22848K, used 1558K [0x03c00000, 0x054c0000, 0x19150000)
  eden space 20352K,   0% used [0x03c00000, 0x03c00000, 0x04fe0000)
  from space 2496K,  62% used [0x05250000, 0x053d5818, 0x054c0000)
  to   space 2496K,   0% used [0x04fe0000, 0x04fe0000, 0x05250000)
 tenured generation   total 50496K, used 35861K [0x19150000, 0x1c2a0000, 0x43c00000)
   the space 50496K,  71% used [0x19150000, 0x1b455518, 0x1b455600, 0x1c2a0000)
 Metaspace       used 36809K, capacity 37916K, committed 38016K, reserved 38272K
}
Event: 63.973 GC heap before
{Heap before GC invocations=113 (full 5):
 def new generation   total 22848K, used 21910K [0x03c00000, 0x054c0000, 0x19150000)
  eden space 20352K, 100% used [0x03c00000, 0x04fe0000, 0x04fe0000)
  from space 2496K,  62% used [0x05250000, 0x053d5818, 0x054c0000)
  to   space 2496K,   0% used [0x04fe0000, 0x04fe0000, 0x05250000)
 tenured generation   total 50496K, used 35861K [0x19150000, 0x1c2a0000, 0x43c00000)
   the space 50496K,  71% used [0x19150000, 0x1b455518, 0x1b455600, 0x1c2a0000)
 Metaspace       used 36838K, capacity 37948K, committed 38144K, reserved 38272K
Event: 63.984 GC heap after
Heap after GC invocations=114 (full 5):
 def new generation   total 22848K, used 716K [0x03c00000, 0x054c0000, 0x19150000)
  eden space 20352K,   0% used [0x03c00000, 0x03c00000, 0x04fe0000)
  from space 2496K,  28% used [0x04fe0000, 0x050932a0, 0x05250000)
  to   space 2496K,   0% used [0x05250000, 0x05250000, 0x054c0000)
 tenured generation   total 50496K, used 36843K [0x19150000, 0x1c2a0000, 0x43c00000)
   the space 50496K,  72% used [0x19150000, 0x1b54ac58, 0x1b54ae00, 0x1c2a0000)
 Metaspace       used 36838K, capacity 37948K, committed 38144K, reserved 38272K
}
Event: 64.783 GC heap before
{Heap before GC invocations=114 (full 5):
 def new generation   total 22848K, used 20981K [0x03c00000, 0x054c0000, 0x19150000)
  eden space 20352K,  99% used [0x03c00000, 0x04fca4c0, 0x04fe0000)
  from space 2496K,  28% used [0x04fe0000, 0x050932a0, 0x05250000)
  to   space 2496K,   0% used [0x05250000, 0x05250000, 0x054c0000)
 tenured generation   total 50496K, used 36843K [0x19150000, 0x1c2a0000, 0x43c00000)
   the space 50496K,  72% used [0x19150000, 0x1b54ac58, 0x1b54ae00, 0x1c2a0000)
 Metaspace       used 36840K, capacity 37950K, committed 38144K, reserved 38272K
Event: 64.805 GC heap after
Heap after GC invocations=115 (full 5):
 def new generation   total 22848K, used 2496K [0x03c00000, 0x054c0000, 0x19150000)
  eden space 20352K,   0% used [0x03c00000, 0x03c00000, 0x04fe0000)
  from space 2496K, 100% used [0x05250000, 0x054c0000, 0x054c0000)
  to   space 2496K,   0% used [0x04fe0000, 0x04fe0000, 0x05250000)
 tenured generation   total 50496K, used 38123K [0x19150000, 0x1c2a0000, 0x43c00000)
   the space 50496K,  75% used [0x19150000, 0x1b68afa0, 0x1b68b000, 0x1c2a0000)
 Metaspace       used 36840K, capacity 37950K, committed 38144K, reserved 38272K
}
Event: 65.355 GC heap before
{Heap before GC invocations=115 (full 5):
 def new generation   total 22848K, used 22848K [0x03c00000, 0x054c0000, 0x19150000)
  eden space 20352K, 100% used [0x03c00000, 0x04fe0000, 0x04fe0000)
  from space 2496K, 100% used [0x05250000, 0x054c0000, 0x054c0000)
  to   space 2496K,   0% used [0x04fe0000, 0x04fe0000, 0x05250000)
 tenured generation   total 50496K, used 38123K [0x19150000, 0x1c2a0000, 0x43c00000)
   the space 50496K,  75% used [0x19150000, 0x1b68afa0, 0x1b68b000, 0x1c2a0000)
 Metaspace       used 36840K, capacity 37950K, committed 38144K, reserved 38272K
Event: 65.398 GC heap after
Heap after GC invocations=116 (full 5):
 def new generation   total 22848K, used 2496K [0x03c00000, 0x054c0000, 0x19150000)
  eden space 20352K,   0% used [0x03c00000, 0x03c00000, 0x04fe0000)
  from space 2496K, 100% used [0x04fe0000, 0x05250000, 0x05250000)
  to   space 2496K,   0% used [0x05250000, 0x05250000, 0x054c0000)
 tenured generation   total 50496K, used 42137K [0x19150000, 0x1c2a0000, 0x43c00000)
   the space 50496K,  83% used [0x19150000, 0x1ba767b8, 0x1ba76800, 0x1c2a0000)
 Metaspace       used 36840K, capacity 37950K, committed 38144K, reserved 38272K
}
Event: 88.117 GC heap before
{Heap before GC invocations=116 (full 5):
 def new generation   total 22848K, used 22848K [0x03c00000, 0x054c0000, 0x19150000)
  eden space 20352K, 100% used [0x03c00000, 0x04fe0000, 0x04fe0000)
  from space 2496K, 100% used [0x04fe0000, 0x05250000, 0x05250000)
  to   space 2496K,   0% used [0x05250000, 0x05250000, 0x054c0000)
 tenured generation   total 50496K, used 42137K [0x19150000, 0x1c2a0000, 0x43c00000)
   the space 50496K,  83% used [0x19150000, 0x1ba767b8, 0x1ba76800, 0x1c2a0000)
 Metaspace       used 37124K, capacity 38256K, committed 38400K, reserved 39296K
Event: 88.145 GC heap after
Heap after GC invocations=117 (full 5):
 def new generation   total 22848K, used 1926K [0x03c00000, 0x054c0000, 0x19150000)
  eden space 20352K,   0% used [0x03c00000, 0x03c00000, 0x04fe0000)
  from space 2496K,  77% used [0x05250000, 0x05431b68, 0x054c0000)
  to   space 2496K,   0% used [0x04fe0000, 0x04fe0000, 0x05250000)
 tenured generation   total 50496K, used 44612K [0x19150000, 0x1c2a0000, 0x43c00000)
   the space 50496K,  88% used [0x19150000, 0x1bce1078, 0x1bce1200, 0x1c2a0000)
 Metaspace       used 37124K, capacity 38256K, committed 38400K, reserved 39296K
}

