# JRE version: Java(TM) SE Runtime Environment (8.0_31-b13) (build 1.8.0_31-b13)
# Java VM: Java HotSpot(TM) Client VM (25.31-b07 mixed mode windows-x86 )
Heap:
 def new generation   total 40640K, used 31154K [0x03a00000, 0x06610000, 0x18f50000)
  eden space 36160K,  86% used [0x03a00000, 0x0586cbb0, 0x05d50000)
  from space 4480K,   0% used [0x05d50000, 0x05d50000, 0x061b0000)
  to   space 4480K,   0% used [0x061b0000, 0x061b0000, 0x06610000)
 tenured generation   total 89980K, used 53987K [0x18f50000, 0x1e72f000, 0x43a00000)
   the space 89980K,  59% used [0x18f50000, 0x1c408ce0, 0x1c408e00, 0x1e72f000)
 Metaspace       used 42578K, capacity 44099K, committed 44288K, reserved 44416K
GC Heap History (10 events):
Event: 1581.169 GC heap before
{Heap before GC invocations=143 (full 6):
 def new generation   total 27712K, used 26452K [0x03a00000, 0x05810000, 0x18f50000)
  eden space 24640K, 100% used [0x03a00000, 0x05210000, 0x05210000)
  from space 3072K,  59% used [0x05510000, 0x056d52f0, 0x05810000)
  to   space 3072K,   0% used [0x05210000, 0x05210000, 0x05510000)
 tenured generation   total 61368K, used 53399K [0x18f50000, 0x1cb3e000, 0x43a00000)
   the space 61368K,  87% used [0x18f50000, 0x1c375ef0, 0x1c376000, 0x1cb3e000)
 Metaspace       used 40703K, capacity 42291K, committed 42368K, reserved 42368K
Event: 1581.192 GC heap after
Heap after GC invocations=144 (full 6):
 def new generation   total 27712K, used 2535K [0x03a00000, 0x05810000, 0x18f50000)
  eden space 24640K,   0% used [0x03a00000, 0x03a00000, 0x05210000)
  from space 3072K,  82% used [0x05210000, 0x05489c40, 0x05510000)
  to   space 3072K,   0% used [0x05510000, 0x05510000, 0x05810000)
 tenured generation   total 61368K, used 54421K [0x18f50000, 0x1cb3e000, 0x43a00000)
   the space 61368K,  88% used [0x18f50000, 0x1c4755d8, 0x1c475600, 0x1cb3e000)
 Metaspace       used 40703K, capacity 42291K, committed 42368K, reserved 42368K
}
Event: 1587.048 GC heap before
{Heap before GC invocations=144 (full 6):
 def new generation   total 27712K, used 27175K [0x03a00000, 0x05810000, 0x18f50000)
  eden space 24640K, 100% used [0x03a00000, 0x05210000, 0x05210000)
  from space 3072K,  82% used [0x05210000, 0x05489c40, 0x05510000)
  to   space 3072K,   0% used [0x05510000, 0x05510000, 0x05810000)
 tenured generation   total 61368K, used 54421K [0x18f50000, 0x1cb3e000, 0x43a00000)
   the space 61368K,  88% used [0x18f50000, 0x1c4755d8, 0x1c475600, 0x1cb3e000)
 Metaspace       used 41017K, capacity 42607K, committed 42624K, reserved 43392K
Event: 1587.074 GC heap after
Heap after GC invocations=145 (full 6):
 def new generation   total 27712K, used 1523K [0x03a00000, 0x05810000, 0x18f50000)
  eden space 24640K,   0% used [0x03a00000, 0x03a00000, 0x05210000)
  from space 3072K,  49% used [0x05510000, 0x0568ce48, 0x05810000)
  to   space 3072K,   0% used [0x05210000, 0x05210000, 0x05510000)
 tenured generation   total 61368K, used 56831K [0x18f50000, 0x1cb3e000, 0x43a00000)
   the space 61368K,  92% used [0x18f50000, 0x1c6cfdd0, 0x1c6cfe00, 0x1cb3e000)
 Metaspace       used 41017K, capacity 42607K, committed 42624K, reserved 43392K
}
Event: 1588.141 GC heap before
{Heap before GC invocations=145 (full 6):
 def new generation   total 27712K, used 26163K [0x03a00000, 0x05810000, 0x18f50000)
  eden space 24640K, 100% used [0x03a00000, 0x05210000, 0x05210000)
  from space 3072K,  49% used [0x05510000, 0x0568ce48, 0x05810000)
  to   space 3072K,   0% used [0x05210000, 0x05210000, 0x05510000)
 tenured generation   total 61368K, used 56831K [0x18f50000, 0x1cb3e000, 0x43a00000)
   the space 61368K,  92% used [0x18f50000, 0x1c6cfdd0, 0x1c6cfe00, 0x1cb3e000)
 Metaspace       used 41236K, capacity 42831K, committed 42880K, reserved 43392K
Event: 1588.154 GC heap after
Heap after GC invocations=146 (full 6):
 def new generation   total 27712K, used 2095K [0x03a00000, 0x05810000, 0x18f50000)
  eden space 24640K,   0% used [0x03a00000, 0x03a00000, 0x05210000)
  from space 3072K,  68% used [0x05210000, 0x0541beb8, 0x05510000)
  to   space 3072K,   0% used [0x05510000, 0x05510000, 0x05810000)
 tenured generation   total 61368K, used 56831K [0x18f50000, 0x1cb3e000, 0x43a00000)
   the space 61368K,  92% used [0x18f50000, 0x1c6cfdd0, 0x1c6cfe00, 0x1cb3e000)
 Metaspace       used 41236K, capacity 42831K, committed 42880K, reserved 43392K
}
Event: 1589.077 GC heap before
{Heap before GC invocations=146 (full 6):
 def new generation   total 27712K, used 26735K [0x03a00000, 0x05810000, 0x18f50000)
  eden space 24640K, 100% used [0x03a00000, 0x05210000, 0x05210000)
  from space 3072K,  68% used [0x05210000, 0x0541beb8, 0x05510000)
  to   space 3072K,   0% used [0x05510000, 0x05510000, 0x05810000)
 tenured generation   total 61368K, used 56831K [0x18f50000, 0x1cb3e000, 0x43a00000)
   the space 61368K,  92% used [0x18f50000, 0x1c6cfdd0, 0x1c6cfe00, 0x1cb3e000)
 Metaspace       used 41236K, capacity 42831K, committed 42880K, reserved 43392K
Event: 1589.110 GC heap after
Heap after GC invocations=147 (full 6):
 def new generation   total 27712K, used 3072K [0x03a00000, 0x05810000, 0x18f50000)
  eden space 24640K,   0% used [0x03a00000, 0x03a00000, 0x05210000)
  from space 3072K, 100% used [0x05510000, 0x05810000, 0x05810000)
  to   space 3072K,   0% used [0x05210000, 0x05210000, 0x05510000)
 tenured generation   total 61368K, used 59576K [0x18f50000, 0x1cb3e000, 0x43a00000)
   the space 61368K,  97% used [0x18f50000, 0x1c97e388, 0x1c97e400, 0x1cb3e000)
 Metaspace       used 41236K, capacity 42831K, committed 42880K, reserved 43392K
}
Event: 1589.815 GC heap before
{Heap before GC invocations=147 (full 6):
 def new generation   total 27712K, used 27712K [0x03a00000, 0x05810000, 0x18f50000)
  eden space 24640K, 100% used [0x03a00000, 0x05210000, 0x05210000)
  from space 3072K, 100% used [0x05510000, 0x05810000, 0x05810000)
  to   space 3072K,   0% used [0x05210000, 0x05210000, 0x05510000)
 tenured generation   total 61368K, used 59576K [0x18f50000, 0x1cb3e000, 0x43a00000)
   the space 61368K,  97% used [0x18f50000, 0x1c97e388, 0x1c97e400, 0x1cb3e000)
 Metaspace       used 41299K, capacity 42895K, committed 43008K, reserved 43392K
Event: 1590.243 GC heap after
Heap after GC invocations=148 (full 7):
 def new generation   total 40640K, used 0K [0x03a00000, 0x06610000, 0x18f50000)
  eden space 36160K,   0% used [0x03a00000, 0x03a00000, 0x05d50000)
  from space 4480K,   0% used [0x05d50000, 0x05d50000, 0x061b0000)
  to   space 4480K,   0% used [0x061b0000, 0x061b0000, 0x06610000)
 tenured generation   total 89980K, used 53987K [0x18f50000, 0x1e72f000, 0x43a00000)
   the space 89980K,  59% used [0x18f50000, 0x1c408ce0, 0x1c408e00, 0x1e72f000)
 Metaspace       used 41106K, capacity 42597K, committed 43008K, reserved 43392K
}

