# JRE version: Java(TM) SE Runtime Environment (8.0_31-b13) (build 1.8.0_31-b13)
# Java VM: Java HotSpot(TM) Client VM (25.31-b07 mixed mode windows-x86 )
Heap:
 def new generation   total 28480K, used 6711K [0x03c00000, 0x05ae0000, 0x19150000)
  eden space 25344K,  20% used [0x03c00000, 0x040f56f0, 0x054c0000)
  from space 3136K,  52% used [0x057d0000, 0x059686c0, 0x05ae0000)
  to   space 3136K,   0% used [0x054c0000, 0x054c0000, 0x057d0000)
 tenured generation   total 63096K, used 58712K [0x19150000, 0x1ceee000, 0x43c00000)
   the space 63096K,  93% used [0x19150000, 0x1caa6398, 0x1caa6400, 0x1ceee000)
 Metaspace       used 38531K, capacity 39742K, committed 39808K, reserved 40320K
GC Heap History (10 events):
Event: 99.602 GC heap before
{Heap before GC invocations=109 (full 5):
 def new generation   total 28480K, used 28458K [0x03c00000, 0x05ae0000, 0x19150000)
  eden space 25344K, 100% used [0x03c00000, 0x054c0000, 0x054c0000)
  from space 3136K,  99% used [0x054c0000, 0x057caa90, 0x057d0000)
  to   space 3136K,   0% used [0x057d0000, 0x057d0000, 0x05ae0000)
 tenured generation   total 63096K, used 45736K [0x19150000, 0x1ceee000, 0x43c00000)
   the space 63096K,  72% used [0x19150000, 0x1bdfa108, 0x1bdfa200, 0x1ceee000)
 Metaspace       used 36704K, capacity 37888K, committed 37888K, reserved 38272K
Event: 99.630 GC heap after
Heap after GC invocations=110 (full 5):
 def new generation   total 28480K, used 1655K [0x03c00000, 0x05ae0000, 0x19150000)
  eden space 25344K,   0% used [0x03c00000, 0x03c00000, 0x054c0000)
  from space 3136K,  52% used [0x057d0000, 0x0596dc68, 0x05ae0000)
  to   space 3136K,   0% used [0x054c0000, 0x054c0000, 0x057d0000)
 tenured generation   total 63096K, used 48391K [0x19150000, 0x1ceee000, 0x43c00000)
   the space 63096K,  76% used [0x19150000, 0x1c091d80, 0x1c091e00, 0x1ceee000)
 Metaspace       used 36704K, capacity 37888K, committed 37888K, reserved 38272K
}
Event: 100.446 GC heap before
{Heap before GC invocations=110 (full 5):
 def new generation   total 28480K, used 26999K [0x03c00000, 0x05ae0000, 0x19150000)
  eden space 25344K, 100% used [0x03c00000, 0x054c0000, 0x054c0000)
  from space 3136K,  52% used [0x057d0000, 0x0596dc68, 0x05ae0000)
  to   space 3136K,   0% used [0x054c0000, 0x054c0000, 0x057d0000)
 tenured generation   total 63096K, used 48391K [0x19150000, 0x1ceee000, 0x43c00000)
   the space 63096K,  76% used [0x19150000, 0x1c091d80, 0x1c091e00, 0x1ceee000)
 Metaspace       used 36971K, capacity 38146K, committed 38272K, reserved 38272K
Event: 100.459 GC heap after
Heap after GC invocations=111 (full 5):
 def new generation   total 28480K, used 1127K [0x03c00000, 0x05ae0000, 0x19150000)
  eden space 25344K,   0% used [0x03c00000, 0x03c00000, 0x054c0000)
  from space 3136K,  35% used [0x054c0000, 0x055d9e28, 0x057d0000)
  to   space 3136K,   0% used [0x057d0000, 0x057d0000, 0x05ae0000)
 tenured generation   total 63096K, used 49546K [0x19150000, 0x1ceee000, 0x43c00000)
   the space 63096K,  78% used [0x19150000, 0x1c1b28a0, 0x1c1b2a00, 0x1ceee000)
 Metaspace       used 36971K, capacity 38146K, committed 38272K, reserved 38272K
}
Event: 101.592 GC heap before
{Heap before GC invocations=111 (full 5):
 def new generation   total 28480K, used 26471K [0x03c00000, 0x05ae0000, 0x19150000)
  eden space 25344K, 100% used [0x03c00000, 0x054c0000, 0x054c0000)
  from space 3136K,  35% used [0x054c0000, 0x055d9e28, 0x057d0000)
  to   space 3136K,   0% used [0x057d0000, 0x057d0000, 0x05ae0000)
 tenured generation   total 63096K, used 49546K [0x19150000, 0x1ceee000, 0x43c00000)
   the space 63096K,  78% used [0x19150000, 0x1c1b28a0, 0x1c1b2a00, 0x1ceee000)
 Metaspace       used 36972K, capacity 38146K, committed 38272K, reserved 38272K
Event: 101.625 GC heap after
Heap after GC invocations=112 (full 5):
 def new generation   total 28480K, used 3136K [0x03c00000, 0x05ae0000, 0x19150000)
  eden space 25344K,   0% used [0x03c00000, 0x03c00000, 0x054c0000)
  from space 3136K, 100% used [0x057d0000, 0x05ae0000, 0x05ae0000)
  to   space 3136K,   0% used [0x054c0000, 0x054c0000, 0x057d0000)
 tenured generation   total 63096K, used 51756K [0x19150000, 0x1ceee000, 0x43c00000)
   the space 63096K,  82% used [0x19150000, 0x1c3db088, 0x1c3db200, 0x1ceee000)
 Metaspace       used 36972K, capacity 38146K, committed 38272K, reserved 38272K
}
Event: 103.253 GC heap before
{Heap before GC invocations=112 (full 5):
 def new generation   total 28480K, used 28480K [0x03c00000, 0x05ae0000, 0x19150000)
  eden space 25344K, 100% used [0x03c00000, 0x054c0000, 0x054c0000)
  from space 3136K, 100% used [0x057d0000, 0x05ae0000, 0x05ae0000)
  to   space 3136K,   0% used [0x054c0000, 0x054c0000, 0x057d0000)
 tenured generation   total 63096K, used 51756K [0x19150000, 0x1ceee000, 0x43c00000)
   the space 63096K,  82% used [0x19150000, 0x1c3db088, 0x1c3db200, 0x1ceee000)
 Metaspace       used 37142K, capacity 38316K, committed 38400K, reserved 39296K
Event: 103.294 GC heap after
Heap after GC invocations=113 (full 5):
 def new generation   total 28480K, used 3136K [0x03c00000, 0x05ae0000, 0x19150000)
  eden space 25344K,   0% used [0x03c00000, 0x03c00000, 0x054c0000)
  from space 3136K, 100% used [0x054c0000, 0x057d0000, 0x057d0000)
  to   space 3136K,   0% used [0x057d0000, 0x057d0000, 0x05ae0000)
 tenured generation   total 63096K, used 55600K [0x19150000, 0x1ceee000, 0x43c00000)
   the space 63096K,  88% used [0x19150000, 0x1c79c2a0, 0x1c79c400, 0x1ceee000)
 Metaspace       used 37142K, capacity 38316K, committed 38400K, reserved 39296K
}
Event: 103.786 GC heap before
{Heap before GC invocations=113 (full 5):
 def new generation   total 28480K, used 28480K [0x03c00000, 0x05ae0000, 0x19150000)
  eden space 25344K, 100% used [0x03c00000, 0x054c0000, 0x054c0000)
  from space 3136K, 100% used [0x054c0000, 0x057d0000, 0x057d0000)
  to   space 3136K,   0% used [0x057d0000, 0x057d0000, 0x05ae0000)
 tenured generation   total 63096K, used 55600K [0x19150000, 0x1ceee000, 0x43c00000)
   the space 63096K,  88% used [0x19150000, 0x1c79c2a0, 0x1c79c400, 0x1ceee000)
 Metaspace       used 37363K, capacity 38551K, committed 38656K, reserved 39296K
Event: 103.811 GC heap after
Heap after GC invocations=114 (full 5):
 def new generation   total 28480K, used 1633K [0x03c00000, 0x05ae0000, 0x19150000)
  eden space 25344K,   0% used [0x03c00000, 0x03c00000, 0x054c0000)
  from space 3136K,  52% used [0x057d0000, 0x059686c0, 0x05ae0000)
  to   space 3136K,   0% used [0x054c0000, 0x054c0000, 0x057d0000)
 tenured generation   total 63096K, used 58712K [0x19150000, 0x1ceee000, 0x43c00000)
   the space 63096K,  93% used [0x19150000, 0x1caa6398, 0x1caa6400, 0x1ceee000)
 Metaspace       used 37363K, capacity 38551K, committed 38656K, reserved 39296K
}

